2022-05-09 11:31:16 INFO  TestCase_V1_001:18 - getting URL
2022-05-09 11:31:16 INFO  TestCase_V1_001:20 - message 1
2022-05-09 11:31:16 INFO  TestCase_V1_001:22 - Sending username
2022-05-09 11:31:17 DEBUG TestCase_V1_001:24 - sending pwd 
2022-05-09 11:31:17 INFO  TestCase_V1_001:26 - login button click 
2022-05-09 11:31:24 DEBUG cache:45 - Couldn't find template in cache for "index.ftl"("en", UTF-8, parsed); will try to load it.
2022-05-09 11:31:24 DEBUG cache:45 - TemplateLoader.findTemplateSource("index_en.ftl"): Not found
2022-05-09 11:31:24 DEBUG cache:45 - TemplateLoader.findTemplateSource("index.ftl"): Found
2022-05-09 11:31:24 DEBUG cache:45 - Loading template for "index.ftl"("en", UTF-8, parsed) from "jar:file:/C:/Users/sasit/.m2/repository/com/aventstack/extentreports/3.1.1/extentreports-3.1.1.jar!/com/aventstack/extentreports/view/html-report/index.ftl"
2022-05-09 11:31:24 DEBUG cache:45 - Couldn't find template in cache for "head.ftl"("en", UTF-8, parsed); will try to load it.
2022-05-09 11:31:24 DEBUG cache:45 - TemplateLoader.findTemplateSource("head_en.ftl"): Not found
2022-05-09 11:31:24 DEBUG cache:45 - TemplateLoader.findTemplateSource("head.ftl"): Found
2022-05-09 11:31:24 DEBUG cache:45 - Loading template for "head.ftl"("en", UTF-8, parsed) from "jar:file:/C:/Users/sasit/.m2/repository/com/aventstack/extentreports/3.1.1/extentreports-3.1.1.jar!/com/aventstack/extentreports/view/html-report/head.ftl"
2022-05-09 11:31:24 DEBUG cache:45 - Couldn't find template in cache for "nav.ftl"("en", UTF-8, parsed); will try to load it.
2022-05-09 11:31:24 DEBUG cache:45 - TemplateLoader.findTemplateSource("nav_en.ftl"): Not found
2022-05-09 11:31:24 DEBUG cache:45 - TemplateLoader.findTemplateSource("nav.ftl"): Found
2022-05-09 11:31:24 DEBUG cache:45 - Loading template for "nav.ftl"("en", UTF-8, parsed) from "jar:file:/C:/Users/sasit/.m2/repository/com/aventstack/extentreports/3.1.1/extentreports-3.1.1.jar!/com/aventstack/extentreports/view/html-report/nav.ftl"
2022-05-09 11:31:24 DEBUG cache:45 - Couldn't find template in cache for "test-view/test-view.ftl"("en", UTF-8, parsed); will try to load it.
2022-05-09 11:31:24 DEBUG cache:45 - TemplateLoader.findTemplateSource("test-view/test-view_en.ftl"): Not found
2022-05-09 11:31:24 DEBUG cache:45 - TemplateLoader.findTemplateSource("test-view/test-view.ftl"): Found
2022-05-09 11:31:24 DEBUG cache:45 - Loading template for "test-view/test-view.ftl"("en", UTF-8, parsed) from "jar:file:/C:/Users/sasit/.m2/repository/com/aventstack/extentreports/3.1.1/extentreports-3.1.1.jar!/com/aventstack/extentreports/view/html-report/test-view/test-view.ftl"
2022-05-09 11:31:24 DEBUG cache:45 - Couldn't find template in cache for "test-view/test-view-charts.ftl"("en", UTF-8, parsed); will try to load it.
2022-05-09 11:31:24 DEBUG cache:45 - TemplateLoader.findTemplateSource("test-view/test-view-charts_en.ftl"): Not found
2022-05-09 11:31:24 DEBUG cache:45 - TemplateLoader.findTemplateSource("test-view/test-view-charts.ftl"): Found
2022-05-09 11:31:24 DEBUG cache:45 - Loading template for "test-view/test-view-charts.ftl"("en", UTF-8, parsed) from "jar:file:/C:/Users/sasit/.m2/repository/com/aventstack/extentreports/3.1.1/extentreports-3.1.1.jar!/com/aventstack/extentreports/view/html-report/test-view/test-view-charts.ftl"
2022-05-09 11:31:24 DEBUG cache:45 - Couldn't find template in cache for "test-view/standard.ftl"("en", UTF-8, parsed); will try to load it.
2022-05-09 11:31:24 DEBUG cache:45 - TemplateLoader.findTemplateSource("test-view/standard_en.ftl"): Not found
2022-05-09 11:31:24 DEBUG cache:45 - TemplateLoader.findTemplateSource("test-view/standard.ftl"): Found
2022-05-09 11:31:24 DEBUG cache:45 - Loading template for "test-view/standard.ftl"("en", UTF-8, parsed) from "jar:file:/C:/Users/sasit/.m2/repository/com/aventstack/extentreports/3.1.1/extentreports-3.1.1.jar!/com/aventstack/extentreports/view/html-report/test-view/standard.ftl"
2022-05-09 11:31:24 DEBUG cache:45 - Couldn't find template in cache for "category-view/category-view.ftl"("en", UTF-8, parsed); will try to load it.
2022-05-09 11:31:24 DEBUG cache:45 - TemplateLoader.findTemplateSource("category-view/category-view_en.ftl"): Not found
2022-05-09 11:31:24 DEBUG cache:45 - TemplateLoader.findTemplateSource("category-view/category-view.ftl"): Found
2022-05-09 11:31:24 DEBUG cache:45 - Loading template for "category-view/category-view.ftl"("en", UTF-8, parsed) from "jar:file:/C:/Users/sasit/.m2/repository/com/aventstack/extentreports/3.1.1/extentreports-3.1.1.jar!/com/aventstack/extentreports/view/html-report/category-view/category-view.ftl"
2022-05-09 11:31:24 DEBUG cache:45 - Couldn't find template in cache for "author-view/author-view.ftl"("en", UTF-8, parsed); will try to load it.
2022-05-09 11:31:24 DEBUG cache:45 - TemplateLoader.findTemplateSource("author-view/author-view_en.ftl"): Not found
2022-05-09 11:31:24 DEBUG cache:45 - TemplateLoader.findTemplateSource("author-view/author-view.ftl"): Found
2022-05-09 11:31:24 DEBUG cache:45 - Loading template for "author-view/author-view.ftl"("en", UTF-8, parsed) from "jar:file:/C:/Users/sasit/.m2/repository/com/aventstack/extentreports/3.1.1/extentreports-3.1.1.jar!/com/aventstack/extentreports/view/html-report/author-view/author-view.ftl"
2022-05-09 11:31:24 DEBUG cache:45 - Couldn't find template in cache for "exception-view/exception-view.ftl"("en", UTF-8, parsed); will try to load it.
2022-05-09 11:31:24 DEBUG cache:45 - TemplateLoader.findTemplateSource("exception-view/exception-view_en.ftl"): Not found
2022-05-09 11:31:24 DEBUG cache:45 - TemplateLoader.findTemplateSource("exception-view/exception-view.ftl"): Found
2022-05-09 11:31:24 DEBUG cache:45 - Loading template for "exception-view/exception-view.ftl"("en", UTF-8, parsed) from "jar:file:/C:/Users/sasit/.m2/repository/com/aventstack/extentreports/3.1.1/extentreports-3.1.1.jar!/com/aventstack/extentreports/view/html-report/exception-view/exception-view.ftl"
2022-05-09 11:31:25 DEBUG cache:45 - Couldn't find template in cache for "dashboard-view/dashboard-view.ftl"("en", UTF-8, parsed); will try to load it.
2022-05-09 11:31:25 DEBUG cache:45 - TemplateLoader.findTemplateSource("dashboard-view/dashboard-view_en.ftl"): Not found
2022-05-09 11:31:25 DEBUG cache:45 - TemplateLoader.findTemplateSource("dashboard-view/dashboard-view.ftl"): Found
2022-05-09 11:31:25 DEBUG cache:45 - Loading template for "dashboard-view/dashboard-view.ftl"("en", UTF-8, parsed) from "jar:file:/C:/Users/sasit/.m2/repository/com/aventstack/extentreports/3.1.1/extentreports-3.1.1.jar!/com/aventstack/extentreports/view/html-report/dashboard-view/dashboard-view.ftl"
2022-05-09 11:31:25 DEBUG cache:45 - Couldn't find template in cache for "logs-view/testrunner-logs-view.ftl"("en", UTF-8, parsed); will try to load it.
2022-05-09 11:31:25 DEBUG cache:45 - TemplateLoader.findTemplateSource("logs-view/testrunner-logs-view_en.ftl"): Not found
2022-05-09 11:31:25 DEBUG cache:45 - TemplateLoader.findTemplateSource("logs-view/testrunner-logs-view.ftl"): Found
2022-05-09 11:31:25 DEBUG cache:45 - Loading template for "logs-view/testrunner-logs-view.ftl"("en", UTF-8, parsed) from "jar:file:/C:/Users/sasit/.m2/repository/com/aventstack/extentreports/3.1.1/extentreports-3.1.1.jar!/com/aventstack/extentreports/view/html-report/logs-view/testrunner-logs-view.ftl"
